[0m16:43:59.049210 [debug] [MainThread]: Sending event: {'category': 'dbt', 'action': 'invocation', 'label': 'start', 'context': [<snowplow_tracker.self_describing_json.SelfDescribingJson object at 0x00000191B7301690>, <snowplow_tracker.self_describing_json.SelfDescribingJson object at 0x00000191B7301190>, <snowplow_tracker.self_describing_json.SelfDescribingJson object at 0x00000191B7301390>]}


============================== 16:43:59.049210 | c5aca395-9bc4-4448-ad3b-cfdfd6ce221e ==============================
[0m16:43:59.049210 [info ] [MainThread]: Running with dbt=1.6.3
[0m16:43:59.049210 [debug] [MainThread]: running dbt with arguments {'printer_width': '80', 'indirect_selection': 'eager', 'write_json': 'True', 'log_cache_events': 'False', 'partial_parse': 'True', 'cache_selected_only': 'False', 'profiles_dir': 'C:\\Users\\ajarabani\\.dbt', 'fail_fast': 'False', 'debug': 'False', 'log_path': 'logs', 'version_check': 'True', 'warn_error': 'None', 'use_colors': 'True', 'use_experimental_parser': 'False', 'no_print': 'None', 'quiet': 'False', 'warn_error_options': 'WarnErrorOptions(include=[], exclude=[])', 'introspect': 'True', 'log_format': 'default', 'invocation_command': 'dbt debug', 'target_path': 'None', 'static_parser': 'True', 'send_anonymous_usage_stats': 'True'}
[0m16:43:59.063368 [info ] [MainThread]: dbt version: 1.6.3
[0m16:43:59.063368 [info ] [MainThread]: python version: 3.11.2
[0m16:43:59.063368 [info ] [MainThread]: python path: C:\Users\ajarabani\Downloads\PYTHON\dbt_project\.venv\Scripts\python.exe
[0m16:43:59.064872 [info ] [MainThread]: os info: Windows-10-10.0.22621-SP0
[0m16:43:59.064872 [info ] [MainThread]: Using profiles dir at C:\Users\ajarabani\.dbt
[0m16:43:59.064872 [info ] [MainThread]: Using profiles.yml file at C:\Users\ajarabani\.dbt\profiles.yml
[0m16:43:59.064872 [info ] [MainThread]: Using dbt_project.yml file at C:\Users\ajarabani\Downloads\PYTHON\dbt_project\dbt_project.yml
[0m16:43:59.064872 [info ] [MainThread]: Configuration:
[0m16:43:59.064872 [info ] [MainThread]:   profiles.yml file [[31mERROR not found[0m]
[0m16:43:59.064872 [info ] [MainThread]:   dbt_project.yml file [[31mERROR not found[0m]
[0m16:43:59.064872 [info ] [MainThread]: Required dependencies:
[0m16:43:59.064872 [debug] [MainThread]: Executing "git --help"
[0m16:43:59.114760 [debug] [MainThread]: STDOUT: "b"usage: git [-v | --version] [-h | --help] [-C <path>] [-c <name>=<value>]\n           [--exec-path[=<path>]] [--html-path] [--man-path] [--info-path]\n           [-p | --paginate | -P | --no-pager] [--no-replace-objects] [--bare]\n           [--git-dir=<path>] [--work-tree=<path>] [--namespace=<name>]\n           [--super-prefix=<path>] [--config-env=<name>=<envvar>]\n           <command> [<args>]\n\nThese are common Git commands used in various situations:\n\nstart a working area (see also: git help tutorial)\n   clone     Clone a repository into a new directory\n   init      Create an empty Git repository or reinitialize an existing one\n\nwork on the current change (see also: git help everyday)\n   add       Add file contents to the index\n   mv        Move or rename a file, a directory, or a symlink\n   restore   Restore working tree files\n   rm        Remove files from the working tree and from the index\n\nexamine the history and state (see also: git help revisions)\n   bisect    Use binary search to find the commit that introduced a bug\n   diff      Show changes between commits, commit and working tree, etc\n   grep      Print lines matching a pattern\n   log       Show commit logs\n   show      Show various types of objects\n   status    Show the working tree status\n\ngrow, mark and tweak your common history\n   branch    List, create, or delete branches\n   commit    Record changes to the repository\n   merge     Join two or more development histories together\n   rebase    Reapply commits on top of another base tip\n   reset     Reset current HEAD to the specified state\n   switch    Switch branches\n   tag       Create, list, delete or verify a tag object signed with GPG\n\ncollaborate (see also: git help workflows)\n   fetch     Download objects and refs from another repository\n   pull      Fetch from and integrate with another repository or a local branch\n   push      Update remote refs along with associated objects\n\n'git help -a' and 'git help -g' list available subcommands and some\nconcept guides. See 'git help <command>' or 'git help <concept>'\nto read about a specific subcommand or concept.\nSee 'git help git' for an overview of the system.\n""
[0m16:43:59.114760 [debug] [MainThread]: STDERR: "b''"
[0m16:43:59.129060 [info ] [MainThread]:  - git [[32mOK found[0m]

[0m16:43:59.130068 [info ] [MainThread]: Connection test skipped since no profile was found
[0m16:43:59.130068 [info ] [MainThread]: [31m2 checks failed:[0m
[0m16:43:59.131384 [info ] [MainThread]: dbt looked for a profiles.yml file in C:\Users\ajarabani\.dbt\profiles.yml, but did
not find one. For more information on configuring your profile, consult the
documentation:

https://docs.getdbt.com/docs/configure-your-profile


[0m16:43:59.131384 [info ] [MainThread]: Project loading failed for the following reason:
 project path <C:\Users\ajarabani\Downloads\PYTHON\dbt_project\dbt_project.yml> not found

[0m16:43:59.131384 [debug] [MainThread]: Command `dbt debug` failed at 16:43:59.131384 after 0.09 seconds
[0m16:43:59.131384 [debug] [MainThread]: Sending event: {'category': 'dbt', 'action': 'invocation', 'label': 'end', 'context': [<snowplow_tracker.self_describing_json.SelfDescribingJson object at 0x00000191B0A58FD0>, <snowplow_tracker.self_describing_json.SelfDescribingJson object at 0x00000191B0A5A050>, <snowplow_tracker.self_describing_json.SelfDescribingJson object at 0x00000191B6AFAD10>]}
[0m16:43:59.131384 [debug] [MainThread]: Flushing usage events
[0m16:46:53.812506 [debug] [MainThread]: Sending event: {'category': 'dbt', 'action': 'invocation', 'label': 'start', 'context': [<snowplow_tracker.self_describing_json.SelfDescribingJson object at 0x0000022CD85515D0>, <snowplow_tracker.self_describing_json.SelfDescribingJson object at 0x0000022CD85510D0>, <snowplow_tracker.self_describing_json.SelfDescribingJson object at 0x0000022CD85511D0>]}


============================== 16:46:53.828894 | 818a6d05-82bb-4388-83c9-890381977530 ==============================
[0m16:46:53.828894 [info ] [MainThread]: Running with dbt=1.6.3
[0m16:46:53.828894 [debug] [MainThread]: running dbt with arguments {'printer_width': '80', 'indirect_selection': 'eager', 'write_json': 'True', 'log_cache_events': 'False', 'partial_parse': 'True', 'cache_selected_only': 'False', 'warn_error': 'None', 'debug': 'False', 'version_check': 'True', 'log_path': 'logs', 'profiles_dir': 'C:\\Users\\ajarabani\\.dbt', 'fail_fast': 'False', 'use_colors': 'True', 'use_experimental_parser': 'False', 'no_print': 'None', 'quiet': 'False', 'warn_error_options': 'WarnErrorOptions(include=[], exclude=[])', 'invocation_command': 'dbt debug', 'introspect': 'True', 'static_parser': 'True', 'target_path': 'None', 'log_format': 'default', 'send_anonymous_usage_stats': 'True'}
[0m16:46:53.828894 [info ] [MainThread]: dbt version: 1.6.3
[0m16:46:53.828894 [info ] [MainThread]: python version: 3.11.2
[0m16:46:53.828894 [info ] [MainThread]: python path: C:\Users\ajarabani\Downloads\PYTHON\dbt_project\.venv\Scripts\python.exe
[0m16:46:53.828894 [info ] [MainThread]: os info: Windows-10-10.0.22621-SP0
[0m16:46:53.828894 [info ] [MainThread]: Using profiles dir at C:\Users\ajarabani\.dbt
[0m16:46:53.828894 [info ] [MainThread]: Using profiles.yml file at C:\Users\ajarabani\.dbt\profiles.yml
[0m16:46:53.828894 [info ] [MainThread]: Using dbt_project.yml file at C:\Users\ajarabani\Downloads\PYTHON\dbt_project\dbt_project.yml
[0m16:46:53.828894 [info ] [MainThread]: Configuration:
[0m16:46:53.828894 [info ] [MainThread]:   profiles.yml file [[31mERROR not found[0m]
[0m16:46:53.828894 [info ] [MainThread]:   dbt_project.yml file [[31mERROR not found[0m]
[0m16:46:53.828894 [info ] [MainThread]: Required dependencies:
[0m16:46:53.828894 [debug] [MainThread]: Executing "git --help"
[0m16:46:53.897830 [debug] [MainThread]: STDOUT: "b"usage: git [-v | --version] [-h | --help] [-C <path>] [-c <name>=<value>]\n           [--exec-path[=<path>]] [--html-path] [--man-path] [--info-path]\n           [-p | --paginate | -P | --no-pager] [--no-replace-objects] [--bare]\n           [--git-dir=<path>] [--work-tree=<path>] [--namespace=<name>]\n           [--super-prefix=<path>] [--config-env=<name>=<envvar>]\n           <command> [<args>]\n\nThese are common Git commands used in various situations:\n\nstart a working area (see also: git help tutorial)\n   clone     Clone a repository into a new directory\n   init      Create an empty Git repository or reinitialize an existing one\n\nwork on the current change (see also: git help everyday)\n   add       Add file contents to the index\n   mv        Move or rename a file, a directory, or a symlink\n   restore   Restore working tree files\n   rm        Remove files from the working tree and from the index\n\nexamine the history and state (see also: git help revisions)\n   bisect    Use binary search to find the commit that introduced a bug\n   diff      Show changes between commits, commit and working tree, etc\n   grep      Print lines matching a pattern\n   log       Show commit logs\n   show      Show various types of objects\n   status    Show the working tree status\n\ngrow, mark and tweak your common history\n   branch    List, create, or delete branches\n   commit    Record changes to the repository\n   merge     Join two or more development histories together\n   rebase    Reapply commits on top of another base tip\n   reset     Reset current HEAD to the specified state\n   switch    Switch branches\n   tag       Create, list, delete or verify a tag object signed with GPG\n\ncollaborate (see also: git help workflows)\n   fetch     Download objects and refs from another repository\n   pull      Fetch from and integrate with another repository or a local branch\n   push      Update remote refs along with associated objects\n\n'git help -a' and 'git help -g' list available subcommands and some\nconcept guides. See 'git help <command>' or 'git help <concept>'\nto read about a specific subcommand or concept.\nSee 'git help git' for an overview of the system.\n""
[0m16:46:53.897830 [debug] [MainThread]: STDERR: "b''"
[0m16:46:53.898658 [info ] [MainThread]:  - git [[32mOK found[0m]

[0m16:46:53.898658 [info ] [MainThread]: Connection test skipped since no profile was found
[0m16:46:53.898658 [info ] [MainThread]: [31m2 checks failed:[0m
[0m16:46:53.898658 [info ] [MainThread]: dbt looked for a profiles.yml file in C:\Users\ajarabani\.dbt\profiles.yml, but did
not find one. For more information on configuring your profile, consult the
documentation:

https://docs.getdbt.com/docs/configure-your-profile


[0m16:46:53.898658 [info ] [MainThread]: Project loading failed for the following reason:
 project path <C:\Users\ajarabani\Downloads\PYTHON\dbt_project\dbt_project.yml> not found

[0m16:46:53.898658 [debug] [MainThread]: Command `dbt debug` failed at 16:46:53.898658 after 0.09 seconds
[0m16:46:53.898658 [debug] [MainThread]: Sending event: {'category': 'dbt', 'action': 'invocation', 'label': 'end', 'context': [<snowplow_tracker.self_describing_json.SelfDescribingJson object at 0x0000022CD8402B90>, <snowplow_tracker.self_describing_json.SelfDescribingJson object at 0x0000022CD1BF8FD0>, <snowplow_tracker.self_describing_json.SelfDescribingJson object at 0x0000022CD1BFA050>]}
[0m16:46:53.898658 [debug] [MainThread]: Flushing usage events
[0m16:49:15.657849 [debug] [MainThread]: Sending event: {'category': 'dbt', 'action': 'invocation', 'label': 'start', 'context': [<snowplow_tracker.self_describing_json.SelfDescribingJson object at 0x000001DCC84912D0>, <snowplow_tracker.self_describing_json.SelfDescribingJson object at 0x000001DCC8491350>, <snowplow_tracker.self_describing_json.SelfDescribingJson object at 0x000001DCC8491210>]}


============================== 16:49:15.657849 | bce29787-fb03-47fb-a9aa-fee9b1301852 ==============================
[0m16:49:15.657849 [info ] [MainThread]: Running with dbt=1.6.3
[0m16:49:15.657849 [debug] [MainThread]: running dbt with arguments {'printer_width': '80', 'indirect_selection': 'eager', 'log_cache_events': 'False', 'write_json': 'True', 'partial_parse': 'True', 'cache_selected_only': 'False', 'warn_error': 'None', 'version_check': 'True', 'fail_fast': 'False', 'log_path': 'logs', 'debug': 'False', 'profiles_dir': 'C:\\Users\\ajarabani\\.dbt', 'use_colors': 'True', 'use_experimental_parser': 'False', 'no_print': 'None', 'quiet': 'False', 'warn_error_options': 'WarnErrorOptions(include=[], exclude=[])', 'static_parser': 'True', 'introspect': 'True', 'invocation_command': 'dbt debug', 'target_path': 'None', 'log_format': 'default', 'send_anonymous_usage_stats': 'True'}
[0m16:49:15.657849 [info ] [MainThread]: dbt version: 1.6.3
[0m16:49:15.657849 [info ] [MainThread]: python version: 3.11.2
[0m16:49:15.657849 [info ] [MainThread]: python path: C:\Users\ajarabani\Downloads\PYTHON\dbt_project\.venv\Scripts\python.exe
[0m16:49:15.657849 [info ] [MainThread]: os info: Windows-10-10.0.22621-SP0
[0m16:49:15.657849 [info ] [MainThread]: Using profiles dir at C:\Users\ajarabani\.dbt
[0m16:49:15.657849 [info ] [MainThread]: Using profiles.yml file at C:\Users\ajarabani\.dbt\profiles.yml
[0m16:49:15.657849 [info ] [MainThread]: Using dbt_project.yml file at C:\Users\ajarabani\Downloads\PYTHON\dbt_project\dbt_project.yml
[0m16:49:15.657849 [info ] [MainThread]: Configuration:
[0m16:49:15.657849 [info ] [MainThread]:   profiles.yml file [[31mERROR not found[0m]
[0m16:49:15.657849 [info ] [MainThread]:   dbt_project.yml file [[31mERROR not found[0m]
[0m16:49:15.657849 [info ] [MainThread]: Required dependencies:
[0m16:49:15.673807 [debug] [MainThread]: Executing "git --help"
[0m16:49:15.734662 [debug] [MainThread]: STDOUT: "b"usage: git [-v | --version] [-h | --help] [-C <path>] [-c <name>=<value>]\n           [--exec-path[=<path>]] [--html-path] [--man-path] [--info-path]\n           [-p | --paginate | -P | --no-pager] [--no-replace-objects] [--bare]\n           [--git-dir=<path>] [--work-tree=<path>] [--namespace=<name>]\n           [--super-prefix=<path>] [--config-env=<name>=<envvar>]\n           <command> [<args>]\n\nThese are common Git commands used in various situations:\n\nstart a working area (see also: git help tutorial)\n   clone     Clone a repository into a new directory\n   init      Create an empty Git repository or reinitialize an existing one\n\nwork on the current change (see also: git help everyday)\n   add       Add file contents to the index\n   mv        Move or rename a file, a directory, or a symlink\n   restore   Restore working tree files\n   rm        Remove files from the working tree and from the index\n\nexamine the history and state (see also: git help revisions)\n   bisect    Use binary search to find the commit that introduced a bug\n   diff      Show changes between commits, commit and working tree, etc\n   grep      Print lines matching a pattern\n   log       Show commit logs\n   show      Show various types of objects\n   status    Show the working tree status\n\ngrow, mark and tweak your common history\n   branch    List, create, or delete branches\n   commit    Record changes to the repository\n   merge     Join two or more development histories together\n   rebase    Reapply commits on top of another base tip\n   reset     Reset current HEAD to the specified state\n   switch    Switch branches\n   tag       Create, list, delete or verify a tag object signed with GPG\n\ncollaborate (see also: git help workflows)\n   fetch     Download objects and refs from another repository\n   pull      Fetch from and integrate with another repository or a local branch\n   push      Update remote refs along with associated objects\n\n'git help -a' and 'git help -g' list available subcommands and some\nconcept guides. See 'git help <command>' or 'git help <concept>'\nto read about a specific subcommand or concept.\nSee 'git help git' for an overview of the system.\n""
[0m16:49:15.734662 [debug] [MainThread]: STDERR: "b''"
[0m16:49:15.734662 [info ] [MainThread]:  - git [[32mOK found[0m]

[0m16:49:15.734662 [info ] [MainThread]: Connection test skipped since no profile was found
[0m16:49:15.734662 [info ] [MainThread]: [31m2 checks failed:[0m
[0m16:49:15.734662 [info ] [MainThread]: dbt looked for a profiles.yml file in C:\Users\ajarabani\.dbt\profiles.yml, but did
not find one. For more information on configuring your profile, consult the
documentation:

https://docs.getdbt.com/docs/configure-your-profile


[0m16:49:15.734662 [info ] [MainThread]: Project loading failed for the following reason:
 project path <C:\Users\ajarabani\Downloads\PYTHON\dbt_project\dbt_project.yml> not found

[0m16:49:15.734662 [debug] [MainThread]: Command `dbt debug` failed at 16:49:15.734662 after 0.09 seconds
[0m16:49:15.734662 [debug] [MainThread]: Sending event: {'category': 'dbt', 'action': 'invocation', 'label': 'end', 'context': [<snowplow_tracker.self_describing_json.SelfDescribingJson object at 0x000001DCC19383D0>, <snowplow_tracker.self_describing_json.SelfDescribingJson object at 0x000001DCC1938410>, <snowplow_tracker.self_describing_json.SelfDescribingJson object at 0x000001DCC848F8D0>]}
[0m16:49:15.734662 [debug] [MainThread]: Flushing usage events
[0m17:49:25.572412 [debug] [MainThread]: Sending event: {'category': 'dbt', 'action': 'invocation', 'label': 'start', 'context': [<snowplow_tracker.self_describing_json.SelfDescribingJson object at 0x000001D1AB739F50>, <snowplow_tracker.self_describing_json.SelfDescribingJson object at 0x000001D1AB730150>, <snowplow_tracker.self_describing_json.SelfDescribingJson object at 0x000001D1AB731410>]}


============================== 17:49:25.572412 | 139976a7-3401-46af-8eab-046d3b7ab036 ==============================
[0m17:49:25.572412 [info ] [MainThread]: Running with dbt=1.6.3
[0m17:49:25.572412 [debug] [MainThread]: running dbt with arguments {'printer_width': '80', 'indirect_selection': 'eager', 'log_cache_events': 'False', 'write_json': 'True', 'partial_parse': 'True', 'cache_selected_only': 'False', 'warn_error': 'None', 'debug': 'False', 'version_check': 'True', 'log_path': 'logs', 'profiles_dir': 'C:\\Users\\ajarabani\\.dbt', 'fail_fast': 'False', 'use_colors': 'True', 'use_experimental_parser': 'False', 'no_print': 'None', 'quiet': 'False', 'log_format': 'default', 'introspect': 'True', 'invocation_command': 'dbt debug', 'static_parser': 'True', 'target_path': 'None', 'warn_error_options': 'WarnErrorOptions(include=[], exclude=[])', 'send_anonymous_usage_stats': 'True'}
[0m17:49:25.572412 [info ] [MainThread]: dbt version: 1.6.3
[0m17:49:25.572412 [info ] [MainThread]: python version: 3.11.2
[0m17:49:25.572412 [info ] [MainThread]: python path: C:\Users\ajarabani\Downloads\PYTHON\dbt_project\.venv\Scripts\python.exe
[0m17:49:25.572412 [info ] [MainThread]: os info: Windows-10-10.0.22621-SP0
[0m17:49:25.628081 [info ] [MainThread]: Using profiles dir at C:\Users\ajarabani\.dbt
[0m17:49:25.628081 [info ] [MainThread]: Using profiles.yml file at C:\Users\ajarabani\.dbt\profiles.yml
[0m17:49:25.628081 [info ] [MainThread]: Using dbt_project.yml file at C:\Users\ajarabani\Downloads\PYTHON\dbt_project\dbt_project.yml
[0m17:49:25.628081 [info ] [MainThread]: Configuration:
[0m17:49:25.628081 [info ] [MainThread]:   profiles.yml file [[31mERROR invalid[0m]
[0m17:49:25.628081 [info ] [MainThread]:   dbt_project.yml file [[31mERROR not found[0m]
[0m17:49:25.628081 [info ] [MainThread]: Required dependencies:
[0m17:49:25.628081 [debug] [MainThread]: Executing "git --help"
[0m17:49:25.680962 [debug] [MainThread]: STDOUT: "b"usage: git [-v | --version] [-h | --help] [-C <path>] [-c <name>=<value>]\n           [--exec-path[=<path>]] [--html-path] [--man-path] [--info-path]\n           [-p | --paginate | -P | --no-pager] [--no-replace-objects] [--bare]\n           [--git-dir=<path>] [--work-tree=<path>] [--namespace=<name>]\n           [--super-prefix=<path>] [--config-env=<name>=<envvar>]\n           <command> [<args>]\n\nThese are common Git commands used in various situations:\n\nstart a working area (see also: git help tutorial)\n   clone     Clone a repository into a new directory\n   init      Create an empty Git repository or reinitialize an existing one\n\nwork on the current change (see also: git help everyday)\n   add       Add file contents to the index\n   mv        Move or rename a file, a directory, or a symlink\n   restore   Restore working tree files\n   rm        Remove files from the working tree and from the index\n\nexamine the history and state (see also: git help revisions)\n   bisect    Use binary search to find the commit that introduced a bug\n   diff      Show changes between commits, commit and working tree, etc\n   grep      Print lines matching a pattern\n   log       Show commit logs\n   show      Show various types of objects\n   status    Show the working tree status\n\ngrow, mark and tweak your common history\n   branch    List, create, or delete branches\n   commit    Record changes to the repository\n   merge     Join two or more development histories together\n   rebase    Reapply commits on top of another base tip\n   reset     Reset current HEAD to the specified state\n   switch    Switch branches\n   tag       Create, list, delete or verify a tag object signed with GPG\n\ncollaborate (see also: git help workflows)\n   fetch     Download objects and refs from another repository\n   pull      Fetch from and integrate with another repository or a local branch\n   push      Update remote refs along with associated objects\n\n'git help -a' and 'git help -g' list available subcommands and some\nconcept guides. See 'git help <command>' or 'git help <concept>'\nto read about a specific subcommand or concept.\nSee 'git help git' for an overview of the system.\n""
[0m17:49:25.680962 [debug] [MainThread]: STDERR: "b''"
[0m17:49:25.680962 [info ] [MainThread]:  - git [[32mOK found[0m]

[0m17:49:25.680962 [info ] [MainThread]: Connection test skipped since no profile was found
[0m17:49:25.693727 [info ] [MainThread]: [31m2 checks failed:[0m
[0m17:49:25.694734 [info ] [MainThread]: Could not load dbt_project.yml
Profile loading failed for the following reason:
Runtime Error
  Credentials in profile "dbt_project", target "dev" invalid: ['dbname'] is not of type 'string'


[0m17:49:25.695732 [info ] [MainThread]: Project loading failed for the following reason:
 project path <C:\Users\ajarabani\Downloads\PYTHON\dbt_project\dbt_project.yml> not found

[0m17:49:25.696039 [debug] [MainThread]: Command `dbt debug` failed at 17:49:25.696039 after 0.13 seconds
[0m17:49:25.696039 [debug] [MainThread]: Sending event: {'category': 'dbt', 'action': 'invocation', 'label': 'end', 'context': [<snowplow_tracker.self_describing_json.SelfDescribingJson object at 0x000001D1AAB62610>, <snowplow_tracker.self_describing_json.SelfDescribingJson object at 0x000001D1A4F28FD0>, <snowplow_tracker.self_describing_json.SelfDescribingJson object at 0x000001D1A4F2A050>]}
[0m17:49:25.696039 [debug] [MainThread]: Flushing usage events
[0m17:51:11.871906 [debug] [MainThread]: Sending event: {'category': 'dbt', 'action': 'invocation', 'label': 'start', 'context': [<snowplow_tracker.self_describing_json.SelfDescribingJson object at 0x00000146AF3DF990>, <snowplow_tracker.self_describing_json.SelfDescribingJson object at 0x00000146ACA02790>, <snowplow_tracker.self_describing_json.SelfDescribingJson object at 0x00000146AF3DE690>]}


============================== 17:51:11.871906 | 6242b39e-c7f2-49a8-bd23-8fae8960e8cf ==============================
[0m17:51:11.871906 [info ] [MainThread]: Running with dbt=1.6.3
[0m17:51:11.871906 [debug] [MainThread]: running dbt with arguments {'printer_width': '80', 'indirect_selection': 'eager', 'log_cache_events': 'False', 'write_json': 'True', 'partial_parse': 'True', 'cache_selected_only': 'False', 'profiles_dir': 'C:\\Users\\ajarabani\\.dbt', 'version_check': 'True', 'debug': 'False', 'log_path': 'logs', 'warn_error': 'None', 'fail_fast': 'False', 'use_colors': 'True', 'use_experimental_parser': 'False', 'no_print': 'None', 'quiet': 'False', 'log_format': 'default', 'static_parser': 'True', 'invocation_command': 'dbt debug', 'introspect': 'True', 'target_path': 'None', 'warn_error_options': 'WarnErrorOptions(include=[], exclude=[])', 'send_anonymous_usage_stats': 'True'}
[0m17:51:11.871906 [info ] [MainThread]: dbt version: 1.6.3
[0m17:51:11.871906 [info ] [MainThread]: python version: 3.11.2
[0m17:51:11.871906 [info ] [MainThread]: python path: C:\Users\ajarabani\Downloads\PYTHON\dbt_project\.venv\Scripts\python.exe
[0m17:51:11.871906 [info ] [MainThread]: os info: Windows-10-10.0.22621-SP0
[0m17:51:11.910880 [info ] [MainThread]: Using profiles dir at C:\Users\ajarabani\.dbt
[0m17:51:11.910880 [info ] [MainThread]: Using profiles.yml file at C:\Users\ajarabani\.dbt\profiles.yml
[0m17:51:11.910880 [info ] [MainThread]: Using dbt_project.yml file at C:\Users\ajarabani\Downloads\PYTHON\dbt_project\dbt_project.yml
[0m17:51:11.910880 [info ] [MainThread]: adapter type: postgres
[0m17:51:11.910880 [info ] [MainThread]: adapter version: 1.6.3
[0m17:51:11.910880 [info ] [MainThread]: Configuration:
[0m17:51:11.910880 [info ] [MainThread]:   profiles.yml file [[32mOK found and valid[0m]
[0m17:51:11.910880 [info ] [MainThread]:   dbt_project.yml file [[31mERROR not found[0m]
[0m17:51:11.910880 [info ] [MainThread]: Required dependencies:
[0m17:51:11.910880 [debug] [MainThread]: Executing "git --help"
[0m17:51:11.977447 [debug] [MainThread]: STDOUT: "b"usage: git [-v | --version] [-h | --help] [-C <path>] [-c <name>=<value>]\n           [--exec-path[=<path>]] [--html-path] [--man-path] [--info-path]\n           [-p | --paginate | -P | --no-pager] [--no-replace-objects] [--bare]\n           [--git-dir=<path>] [--work-tree=<path>] [--namespace=<name>]\n           [--super-prefix=<path>] [--config-env=<name>=<envvar>]\n           <command> [<args>]\n\nThese are common Git commands used in various situations:\n\nstart a working area (see also: git help tutorial)\n   clone     Clone a repository into a new directory\n   init      Create an empty Git repository or reinitialize an existing one\n\nwork on the current change (see also: git help everyday)\n   add       Add file contents to the index\n   mv        Move or rename a file, a directory, or a symlink\n   restore   Restore working tree files\n   rm        Remove files from the working tree and from the index\n\nexamine the history and state (see also: git help revisions)\n   bisect    Use binary search to find the commit that introduced a bug\n   diff      Show changes between commits, commit and working tree, etc\n   grep      Print lines matching a pattern\n   log       Show commit logs\n   show      Show various types of objects\n   status    Show the working tree status\n\ngrow, mark and tweak your common history\n   branch    List, create, or delete branches\n   commit    Record changes to the repository\n   merge     Join two or more development histories together\n   rebase    Reapply commits on top of another base tip\n   reset     Reset current HEAD to the specified state\n   switch    Switch branches\n   tag       Create, list, delete or verify a tag object signed with GPG\n\ncollaborate (see also: git help workflows)\n   fetch     Download objects and refs from another repository\n   pull      Fetch from and integrate with another repository or a local branch\n   push      Update remote refs along with associated objects\n\n'git help -a' and 'git help -g' list available subcommands and some\nconcept guides. See 'git help <command>' or 'git help <concept>'\nto read about a specific subcommand or concept.\nSee 'git help git' for an overview of the system.\n""
[0m17:51:11.983964 [debug] [MainThread]: STDERR: "b''"
[0m17:51:11.983964 [info ] [MainThread]:  - git [[32mOK found[0m]

[0m17:51:11.983964 [info ] [MainThread]: Connection:
[0m17:51:11.983964 [info ] [MainThread]:   host: localhost
[0m17:51:11.983964 [info ] [MainThread]:   port: 5432
[0m17:51:11.983964 [info ] [MainThread]:   user: anveshjarabani
[0m17:51:11.983964 [info ] [MainThread]:   database: postgres
[0m17:51:11.983964 [info ] [MainThread]:   schema: public
[0m17:51:11.983964 [info ] [MainThread]:   connect_timeout: 10
[0m17:51:11.983964 [info ] [MainThread]:   role: None
[0m17:51:11.983964 [info ] [MainThread]:   search_path: None
[0m17:51:11.983964 [info ] [MainThread]:   keepalives_idle: 0
[0m17:51:11.983964 [info ] [MainThread]:   sslmode: None
[0m17:51:11.983964 [info ] [MainThread]:   sslcert: None
[0m17:51:11.983964 [info ] [MainThread]:   sslkey: None
[0m17:51:11.983964 [info ] [MainThread]:   sslrootcert: None
[0m17:51:11.992472 [info ] [MainThread]:   application_name: dbt
[0m17:51:11.993237 [info ] [MainThread]:   retries: 1
[0m17:51:11.993970 [info ] [MainThread]: Registered adapter: postgres=1.6.3
[0m17:51:11.993970 [debug] [MainThread]: Acquiring new postgres connection 'debug'
[0m17:51:11.993970 [debug] [MainThread]: Using postgres connection "debug"
[0m17:51:11.993970 [debug] [MainThread]: On debug: select 1 as id
[0m17:51:11.993970 [debug] [MainThread]: Opening a new connection, currently in state init
[0m17:51:12.143106 [debug] [MainThread]: SQL status: SELECT 1 in 0.0 seconds
[0m17:51:12.143106 [debug] [MainThread]: On debug: Close
[0m17:51:12.143106 [info ] [MainThread]:   Connection test: [[32mOK connection ok[0m]

[0m17:51:12.143106 [info ] [MainThread]: [31m1 check failed:[0m
[0m17:51:12.143106 [info ] [MainThread]: Project loading failed for the following reason:
 project path <C:\Users\ajarabani\Downloads\PYTHON\dbt_project\dbt_project.yml> not found

[0m17:51:12.157613 [debug] [MainThread]: Command `dbt debug` failed at 17:51:12.157613 after 0.30 seconds
[0m17:51:12.158241 [debug] [MainThread]: Connection 'debug' was properly closed.
[0m17:51:12.158241 [debug] [MainThread]: Sending event: {'category': 'dbt', 'action': 'invocation', 'label': 'end', 'context': [<snowplow_tracker.self_describing_json.SelfDescribingJson object at 0x00000146A8989110>, <snowplow_tracker.self_describing_json.SelfDescribingJson object at 0x00000146A8988F90>, <snowplow_tracker.self_describing_json.SelfDescribingJson object at 0x00000146AE818D10>]}
[0m17:51:12.158241 [debug] [MainThread]: Flushing usage events
[0m17:52:54.394265 [debug] [MainThread]: Sending event: {'category': 'dbt', 'action': 'invocation', 'label': 'start', 'context': [<snowplow_tracker.self_describing_json.SelfDescribingJson object at 0x0000024842A0FB10>, <snowplow_tracker.self_describing_json.SelfDescribingJson object at 0x0000024842A18150>, <snowplow_tracker.self_describing_json.SelfDescribingJson object at 0x0000024842A18350>]}


============================== 17:52:54.394265 | 319c9353-5fb0-4068-b2b2-524c24ea3783 ==============================
[0m17:52:54.394265 [info ] [MainThread]: Running with dbt=1.6.3
[0m17:52:54.394265 [debug] [MainThread]: running dbt with arguments {'printer_width': '80', 'indirect_selection': 'eager', 'write_json': 'True', 'log_cache_events': 'False', 'partial_parse': 'True', 'cache_selected_only': 'False', 'warn_error': 'None', 'debug': 'False', 'fail_fast': 'False', 'log_path': 'logs', 'profiles_dir': 'C:\\Users\\ajarabani\\.dbt', 'version_check': 'True', 'use_colors': 'True', 'use_experimental_parser': 'False', 'no_print': 'None', 'quiet': 'False', 'log_format': 'default', 'introspect': 'True', 'static_parser': 'True', 'invocation_command': 'dbt init', 'target_path': 'None', 'warn_error_options': 'WarnErrorOptions(include=[], exclude=[])', 'send_anonymous_usage_stats': 'True'}
[0m17:52:59.053151 [info ] [MainThread]: A project called dbt_project already exists here.
[0m17:52:59.053151 [debug] [MainThread]: Command `dbt init` succeeded at 17:52:59.053151 after 4.69 seconds
[0m17:52:59.053151 [debug] [MainThread]: Sending event: {'category': 'dbt', 'action': 'invocation', 'label': 'end', 'context': [<snowplow_tracker.self_describing_json.SelfDescribingJson object at 0x0000024842A11190>, <snowplow_tracker.self_describing_json.SelfDescribingJson object at 0x000002483BF18F50>, <snowplow_tracker.self_describing_json.SelfDescribingJson object at 0x00000248428C2B90>]}
[0m17:52:59.053151 [debug] [MainThread]: Flushing usage events
[0m18:24:40.171661 [debug] [MainThread]: Sending event: {'category': 'dbt', 'action': 'invocation', 'label': 'start', 'context': [<snowplow_tracker.self_describing_json.SelfDescribingJson object at 0x0000018EF6C4D7D0>, <snowplow_tracker.self_describing_json.SelfDescribingJson object at 0x0000018EF4713D90>, <snowplow_tracker.self_describing_json.SelfDescribingJson object at 0x0000018EF6C4DB50>]}


============================== 18:24:40.171661 | 386db7f8-b3ad-44d1-9988-1fbc0487c863 ==============================
[0m18:24:40.171661 [info ] [MainThread]: Running with dbt=1.6.3
[0m18:24:40.171661 [debug] [MainThread]: running dbt with arguments {'printer_width': '80', 'indirect_selection': 'eager', 'log_cache_events': 'False', 'write_json': 'True', 'partial_parse': 'True', 'cache_selected_only': 'False', 'profiles_dir': 'C:\\Users\\ajarabani\\.dbt', 'version_check': 'True', 'warn_error': 'None', 'log_path': 'logs', 'debug': 'False', 'fail_fast': 'False', 'use_colors': 'True', 'use_experimental_parser': 'False', 'no_print': 'None', 'quiet': 'False', 'warn_error_options': 'WarnErrorOptions(include=[], exclude=[])', 'invocation_command': 'dbt debug', 'introspect': 'True', 'static_parser': 'True', 'target_path': 'None', 'log_format': 'default', 'send_anonymous_usage_stats': 'True'}
[0m18:24:40.171661 [info ] [MainThread]: dbt version: 1.6.3
[0m18:24:40.171661 [info ] [MainThread]: python version: 3.11.2
[0m18:24:40.171661 [info ] [MainThread]: python path: C:\Users\ajarabani\Downloads\PYTHON\dbt_project\.venv\Scripts\python.exe
[0m18:24:40.171661 [info ] [MainThread]: os info: Windows-10-10.0.22621-SP0
[0m18:24:40.221618 [info ] [MainThread]: Using profiles dir at C:\Users\ajarabani\.dbt
[0m18:24:40.221618 [info ] [MainThread]: Using profiles.yml file at C:\Users\ajarabani\.dbt\profiles.yml
[0m18:24:40.221618 [info ] [MainThread]: Using dbt_project.yml file at C:\Users\ajarabani\Downloads\PYTHON\dbt_project\dbt_project.yml
[0m18:24:40.221618 [info ] [MainThread]: Configuration:
[0m18:24:40.221618 [info ] [MainThread]:   profiles.yml file [[31mERROR invalid[0m]
[0m18:24:40.221618 [info ] [MainThread]:   dbt_project.yml file [[31mERROR invalid[0m]
[0m18:24:40.221618 [info ] [MainThread]: Required dependencies:
[0m18:24:40.221618 [debug] [MainThread]: Executing "git --help"
[0m18:24:40.286229 [debug] [MainThread]: STDOUT: "b"usage: git [-v | --version] [-h | --help] [-C <path>] [-c <name>=<value>]\n           [--exec-path[=<path>]] [--html-path] [--man-path] [--info-path]\n           [-p | --paginate | -P | --no-pager] [--no-replace-objects] [--bare]\n           [--git-dir=<path>] [--work-tree=<path>] [--namespace=<name>]\n           [--super-prefix=<path>] [--config-env=<name>=<envvar>]\n           <command> [<args>]\n\nThese are common Git commands used in various situations:\n\nstart a working area (see also: git help tutorial)\n   clone     Clone a repository into a new directory\n   init      Create an empty Git repository or reinitialize an existing one\n\nwork on the current change (see also: git help everyday)\n   add       Add file contents to the index\n   mv        Move or rename a file, a directory, or a symlink\n   restore   Restore working tree files\n   rm        Remove files from the working tree and from the index\n\nexamine the history and state (see also: git help revisions)\n   bisect    Use binary search to find the commit that introduced a bug\n   diff      Show changes between commits, commit and working tree, etc\n   grep      Print lines matching a pattern\n   log       Show commit logs\n   show      Show various types of objects\n   status    Show the working tree status\n\ngrow, mark and tweak your common history\n   branch    List, create, or delete branches\n   commit    Record changes to the repository\n   merge     Join two or more development histories together\n   rebase    Reapply commits on top of another base tip\n   reset     Reset current HEAD to the specified state\n   switch    Switch branches\n   tag       Create, list, delete or verify a tag object signed with GPG\n\ncollaborate (see also: git help workflows)\n   fetch     Download objects and refs from another repository\n   pull      Fetch from and integrate with another repository or a local branch\n   push      Update remote refs along with associated objects\n\n'git help -a' and 'git help -g' list available subcommands and some\nconcept guides. See 'git help <command>' or 'git help <concept>'\nto read about a specific subcommand or concept.\nSee 'git help git' for an overview of the system.\n""
[0m18:24:40.286229 [debug] [MainThread]: STDERR: "b''"
[0m18:24:40.286229 [info ] [MainThread]:  - git [[32mOK found[0m]

[0m18:24:40.286229 [info ] [MainThread]: Connection test skipped since no profile was found
[0m18:24:40.288736 [info ] [MainThread]: [31m2 checks failed:[0m
[0m18:24:40.288736 [info ] [MainThread]: Could not load dbt_project.yml
Profile loading failed for the following reason:
Runtime Error
  Credentials in profile "dbt_project", target "dev" invalid: ['dbname'] is not of type 'string'


[0m18:24:40.288736 [info ] [MainThread]: Project loading failed for the following reason:
Runtime Error
  dbt_project.yml does not parse to a dictionary


[0m18:24:40.288736 [debug] [MainThread]: Command `dbt debug` failed at 18:24:40.288736 after 0.14 seconds
[0m18:24:40.288736 [debug] [MainThread]: Sending event: {'category': 'dbt', 'action': 'invocation', 'label': 'end', 'context': [<snowplow_tracker.self_describing_json.SelfDescribingJson object at 0x0000018EF0338FD0>, <snowplow_tracker.self_describing_json.SelfDescribingJson object at 0x0000018EF3980CD0>, <snowplow_tracker.self_describing_json.SelfDescribingJson object at 0x0000018EF033A050>]}
[0m18:24:40.288736 [debug] [MainThread]: Flushing usage events
[0m18:26:50.642355 [debug] [MainThread]: Sending event: {'category': 'dbt', 'action': 'invocation', 'label': 'start', 'context': [<snowplow_tracker.self_describing_json.SelfDescribingJson object at 0x000001E3DB28F410>, <snowplow_tracker.self_describing_json.SelfDescribingJson object at 0x000001E3DB28FB10>, <snowplow_tracker.self_describing_json.SelfDescribingJson object at 0x000001E3DB28E690>]}


============================== 18:26:50.642355 | b0fee352-c78a-4699-ab18-c896166463b3 ==============================
[0m18:26:50.642355 [info ] [MainThread]: Running with dbt=1.6.3
[0m18:26:50.642355 [debug] [MainThread]: running dbt with arguments {'printer_width': '80', 'indirect_selection': 'eager', 'log_cache_events': 'False', 'write_json': 'True', 'partial_parse': 'True', 'cache_selected_only': 'False', 'warn_error': 'None', 'debug': 'False', 'profiles_dir': 'C:\\Users\\ajarabani\\.dbt', 'log_path': 'logs', 'fail_fast': 'False', 'version_check': 'True', 'use_colors': 'True', 'use_experimental_parser': 'False', 'no_print': 'None', 'quiet': 'False', 'log_format': 'default', 'static_parser': 'True', 'invocation_command': 'dbt init', 'introspect': 'True', 'target_path': 'None', 'warn_error_options': 'WarnErrorOptions(include=[], exclude=[])', 'send_anonymous_usage_stats': 'True'}
[0m18:26:50.642355 [error] [MainThread]: Encountered an error:
'NoneType' object is not subscriptable
[0m18:26:50.642355 [error] [MainThread]: Traceback (most recent call last):
  File "C:\Users\ajarabani\Downloads\PYTHON\dbt_project\.venv\Lib\site-packages\dbt\cli\requires.py", line 87, in wrapper
    result, success = func(*args, **kwargs)
                      ^^^^^^^^^^^^^^^^^^^^^
  File "C:\Users\ajarabani\Downloads\PYTHON\dbt_project\.venv\Lib\site-packages\dbt\cli\requires.py", line 72, in wrapper
    return func(*args, **kwargs)
           ^^^^^^^^^^^^^^^^^^^^^
  File "C:\Users\ajarabani\Downloads\PYTHON\dbt_project\.venv\Lib\site-packages\dbt\cli\main.py", line 469, in init
    results = task.run()
              ^^^^^^^^^^
  File "C:\Users\ajarabani\Downloads\PYTHON\dbt_project\.venv\Lib\site-packages\dbt\task\init.py", line 279, in run
    profile_name = self.get_profile_name_from_current_project()
                   ^^^^^^^^^^^^^^^^^^^^^^^^^^^^^^^^^^^^^^^^^^^^
  File "C:\Users\ajarabani\Downloads\PYTHON\dbt_project\.venv\Lib\site-packages\dbt\task\init.py", line 140, in get_profile_name_from_current_project
    return dbt_project["profile"]
           ~~~~~~~~~~~^^^^^^^^^^^
TypeError: 'NoneType' object is not subscriptable

[0m18:26:50.642355 [debug] [MainThread]: Command `dbt init` failed at 18:26:50.642355 after 0.03 seconds
[0m18:26:50.642355 [debug] [MainThread]: Sending event: {'category': 'dbt', 'action': 'invocation', 'label': 'end', 'context': [<snowplow_tracker.self_describing_json.SelfDescribingJson object at 0x000001E3DB291190>, <snowplow_tracker.self_describing_json.SelfDescribingJson object at 0x000001E3DB298310>, <snowplow_tracker.self_describing_json.SelfDescribingJson object at 0x000001E3DB298A50>]}
[0m18:26:50.642355 [debug] [MainThread]: Flushing usage events
[0m18:27:24.793926 [debug] [MainThread]: Sending event: {'category': 'dbt', 'action': 'invocation', 'label': 'start', 'context': [<snowplow_tracker.self_describing_json.SelfDescribingJson object at 0x0000021D2F10FE90>, <snowplow_tracker.self_describing_json.SelfDescribingJson object at 0x0000021D2EFC2D90>, <snowplow_tracker.self_describing_json.SelfDescribingJson object at 0x0000021D2EEB3E50>]}


============================== 18:27:24.796939 | db473111-7606-487b-b053-4217b9570ea3 ==============================
[0m18:27:24.796939 [info ] [MainThread]: Running with dbt=1.6.3
[0m18:27:24.796939 [debug] [MainThread]: running dbt with arguments {'printer_width': '80', 'indirect_selection': 'eager', 'write_json': 'True', 'log_cache_events': 'False', 'partial_parse': 'True', 'cache_selected_only': 'False', 'profiles_dir': 'C:\\Users\\ajarabani\\.dbt', 'fail_fast': 'False', 'warn_error': 'None', 'log_path': 'logs', 'version_check': 'True', 'debug': 'False', 'use_colors': 'True', 'use_experimental_parser': 'False', 'no_print': 'None', 'quiet': 'False', 'log_format': 'default', 'invocation_command': 'dbt debug', 'introspect': 'True', 'static_parser': 'True', 'target_path': 'None', 'warn_error_options': 'WarnErrorOptions(include=[], exclude=[])', 'send_anonymous_usage_stats': 'True'}
[0m18:27:24.797926 [info ] [MainThread]: dbt version: 1.6.3
[0m18:27:24.798926 [info ] [MainThread]: python version: 3.11.2
[0m18:27:24.798926 [info ] [MainThread]: python path: C:\Users\ajarabani\Downloads\PYTHON\dbt_project\.venv\Scripts\python.exe
[0m18:27:24.799927 [info ] [MainThread]: os info: Windows-10-10.0.22621-SP0
[0m18:27:24.836661 [info ] [MainThread]: Using profiles dir at C:\Users\ajarabani\.dbt
[0m18:27:24.836661 [info ] [MainThread]: Using profiles.yml file at C:\Users\ajarabani\.dbt\profiles.yml
[0m18:27:24.839165 [info ] [MainThread]: Using dbt_project.yml file at C:\Users\ajarabani\Downloads\PYTHON\dbt_project\dbt_project.yml
[0m18:27:24.839165 [info ] [MainThread]: adapter type: postgres
[0m18:27:24.839165 [info ] [MainThread]: adapter version: 1.6.3
[0m18:27:24.839165 [info ] [MainThread]: Configuration:
[0m18:27:24.839165 [info ] [MainThread]:   profiles.yml file [[32mOK found and valid[0m]
[0m18:27:24.839165 [info ] [MainThread]:   dbt_project.yml file [[31mERROR invalid[0m]
[0m18:27:24.839165 [info ] [MainThread]: Required dependencies:
[0m18:27:24.839165 [debug] [MainThread]: Executing "git --help"
[0m18:27:24.901170 [debug] [MainThread]: STDOUT: "b"usage: git [-v | --version] [-h | --help] [-C <path>] [-c <name>=<value>]\n           [--exec-path[=<path>]] [--html-path] [--man-path] [--info-path]\n           [-p | --paginate | -P | --no-pager] [--no-replace-objects] [--bare]\n           [--git-dir=<path>] [--work-tree=<path>] [--namespace=<name>]\n           [--super-prefix=<path>] [--config-env=<name>=<envvar>]\n           <command> [<args>]\n\nThese are common Git commands used in various situations:\n\nstart a working area (see also: git help tutorial)\n   clone     Clone a repository into a new directory\n   init      Create an empty Git repository or reinitialize an existing one\n\nwork on the current change (see also: git help everyday)\n   add       Add file contents to the index\n   mv        Move or rename a file, a directory, or a symlink\n   restore   Restore working tree files\n   rm        Remove files from the working tree and from the index\n\nexamine the history and state (see also: git help revisions)\n   bisect    Use binary search to find the commit that introduced a bug\n   diff      Show changes between commits, commit and working tree, etc\n   grep      Print lines matching a pattern\n   log       Show commit logs\n   show      Show various types of objects\n   status    Show the working tree status\n\ngrow, mark and tweak your common history\n   branch    List, create, or delete branches\n   commit    Record changes to the repository\n   merge     Join two or more development histories together\n   rebase    Reapply commits on top of another base tip\n   reset     Reset current HEAD to the specified state\n   switch    Switch branches\n   tag       Create, list, delete or verify a tag object signed with GPG\n\ncollaborate (see also: git help workflows)\n   fetch     Download objects and refs from another repository\n   pull      Fetch from and integrate with another repository or a local branch\n   push      Update remote refs along with associated objects\n\n'git help -a' and 'git help -g' list available subcommands and some\nconcept guides. See 'git help <command>' or 'git help <concept>'\nto read about a specific subcommand or concept.\nSee 'git help git' for an overview of the system.\n""
[0m18:27:24.901170 [debug] [MainThread]: STDERR: "b''"
[0m18:27:24.901170 [info ] [MainThread]:  - git [[32mOK found[0m]

[0m18:27:24.901170 [info ] [MainThread]: Connection:
[0m18:27:24.901170 [info ] [MainThread]:   host: localhost
[0m18:27:24.901170 [info ] [MainThread]:   port: 5432
[0m18:27:24.901170 [info ] [MainThread]:   user: anveshjarabani
[0m18:27:24.901170 [info ] [MainThread]:   database: postgres
[0m18:27:24.901170 [info ] [MainThread]:   schema: public
[0m18:27:24.901170 [info ] [MainThread]:   connect_timeout: 10
[0m18:27:24.901170 [info ] [MainThread]:   role: None
[0m18:27:24.901170 [info ] [MainThread]:   search_path: None
[0m18:27:24.901170 [info ] [MainThread]:   keepalives_idle: 0
[0m18:27:24.901170 [info ] [MainThread]:   sslmode: None
[0m18:27:24.901170 [info ] [MainThread]:   sslcert: None
[0m18:27:24.901170 [info ] [MainThread]:   sslkey: None
[0m18:27:24.901170 [info ] [MainThread]:   sslrootcert: None
[0m18:27:24.901170 [info ] [MainThread]:   application_name: dbt
[0m18:27:24.901170 [info ] [MainThread]:   retries: 1
[0m18:27:24.901170 [info ] [MainThread]: Registered adapter: postgres=1.6.3
[0m18:27:24.901170 [debug] [MainThread]: Acquiring new postgres connection 'debug'
[0m18:27:24.901170 [debug] [MainThread]: Using postgres connection "debug"
[0m18:27:24.916424 [debug] [MainThread]: On debug: select 1 as id
[0m18:27:24.916424 [debug] [MainThread]: Opening a new connection, currently in state init
[0m18:27:24.968661 [debug] [MainThread]: SQL status: SELECT 1 in 0.0 seconds
[0m18:27:24.968661 [debug] [MainThread]: On debug: Close
[0m18:27:24.968661 [info ] [MainThread]:   Connection test: [[32mOK connection ok[0m]

[0m18:27:24.968661 [info ] [MainThread]: [31m1 check failed:[0m
[0m18:27:24.968661 [info ] [MainThread]: Project loading failed for the following reason:
Runtime Error
  dbt_project.yml does not parse to a dictionary


[0m18:27:24.968661 [debug] [MainThread]: Command `dbt debug` failed at 18:27:24.968661 after 0.21 seconds
[0m18:27:24.968661 [debug] [MainThread]: Connection 'debug' was properly closed.
[0m18:27:24.968661 [debug] [MainThread]: Sending event: {'category': 'dbt', 'action': 'invocation', 'label': 'end', 'context': [<snowplow_tracker.self_describing_json.SelfDescribingJson object at 0x0000021D2F111250>, <snowplow_tracker.self_describing_json.SelfDescribingJson object at 0x0000021D2F112510>, <snowplow_tracker.self_describing_json.SelfDescribingJson object at 0x0000021D28578F90>]}
[0m18:27:24.968661 [debug] [MainThread]: Flushing usage events
[0m18:28:25.706154 [debug] [MainThread]: Sending event: {'category': 'dbt', 'action': 'invocation', 'label': 'start', 'context': [<snowplow_tracker.self_describing_json.SelfDescribingJson object at 0x000002E59251F590>, <snowplow_tracker.self_describing_json.SelfDescribingJson object at 0x000002E59251F190>, <snowplow_tracker.self_describing_json.SelfDescribingJson object at 0x000002E59251FF10>]}


============================== 18:28:25.706154 | e0305f30-ef3f-47f5-99de-d92104c2a1e6 ==============================
[0m18:28:25.706154 [info ] [MainThread]: Running with dbt=1.6.3
[0m18:28:25.706154 [debug] [MainThread]: running dbt with arguments {'printer_width': '80', 'indirect_selection': 'eager', 'write_json': 'True', 'log_cache_events': 'False', 'partial_parse': 'True', 'cache_selected_only': 'False', 'profiles_dir': 'C:\\Users\\ajarabani\\.dbt', 'debug': 'False', 'warn_error': 'None', 'log_path': 'C:\\Users\\ajarabani\\Downloads\\PYTHON\\dbt_project\\logs', 'fail_fast': 'False', 'version_check': 'True', 'use_colors': 'True', 'use_experimental_parser': 'False', 'no_print': 'None', 'quiet': 'False', 'log_format': 'default', 'introspect': 'True', 'static_parser': 'True', 'invocation_command': 'dbt debug', 'target_path': 'None', 'warn_error_options': 'WarnErrorOptions(include=[], exclude=[])', 'send_anonymous_usage_stats': 'True'}
[0m18:28:25.706154 [info ] [MainThread]: dbt version: 1.6.3
[0m18:28:25.706154 [info ] [MainThread]: python version: 3.11.2
[0m18:28:25.706154 [info ] [MainThread]: python path: C:\Users\ajarabani\Downloads\PYTHON\dbt_project\.venv\Scripts\python.exe
[0m18:28:25.706154 [info ] [MainThread]: os info: Windows-10-10.0.22621-SP0
[0m18:28:25.756376 [info ] [MainThread]: Using profiles dir at C:\Users\ajarabani\.dbt
[0m18:28:25.756376 [info ] [MainThread]: Using profiles.yml file at C:\Users\ajarabani\.dbt\profiles.yml
[0m18:28:25.757449 [info ] [MainThread]: Using dbt_project.yml file at C:\Users\ajarabani\Downloads\PYTHON\dbt_project\dbt_project.yml
[0m18:28:25.757449 [info ] [MainThread]: adapter type: postgres
[0m18:28:25.757449 [info ] [MainThread]: adapter version: 1.6.3
[0m18:28:25.757449 [info ] [MainThread]: Configuration:
[0m18:28:25.757449 [info ] [MainThread]:   profiles.yml file [[32mOK found and valid[0m]
[0m18:28:25.757449 [info ] [MainThread]:   dbt_project.yml file [[32mOK found and valid[0m]
[0m18:28:25.757449 [info ] [MainThread]: Required dependencies:
[0m18:28:25.757449 [debug] [MainThread]: Executing "git --help"
[0m18:28:25.817453 [debug] [MainThread]: STDOUT: "b"usage: git [-v | --version] [-h | --help] [-C <path>] [-c <name>=<value>]\n           [--exec-path[=<path>]] [--html-path] [--man-path] [--info-path]\n           [-p | --paginate | -P | --no-pager] [--no-replace-objects] [--bare]\n           [--git-dir=<path>] [--work-tree=<path>] [--namespace=<name>]\n           [--super-prefix=<path>] [--config-env=<name>=<envvar>]\n           <command> [<args>]\n\nThese are common Git commands used in various situations:\n\nstart a working area (see also: git help tutorial)\n   clone     Clone a repository into a new directory\n   init      Create an empty Git repository or reinitialize an existing one\n\nwork on the current change (see also: git help everyday)\n   add       Add file contents to the index\n   mv        Move or rename a file, a directory, or a symlink\n   restore   Restore working tree files\n   rm        Remove files from the working tree and from the index\n\nexamine the history and state (see also: git help revisions)\n   bisect    Use binary search to find the commit that introduced a bug\n   diff      Show changes between commits, commit and working tree, etc\n   grep      Print lines matching a pattern\n   log       Show commit logs\n   show      Show various types of objects\n   status    Show the working tree status\n\ngrow, mark and tweak your common history\n   branch    List, create, or delete branches\n   commit    Record changes to the repository\n   merge     Join two or more development histories together\n   rebase    Reapply commits on top of another base tip\n   reset     Reset current HEAD to the specified state\n   switch    Switch branches\n   tag       Create, list, delete or verify a tag object signed with GPG\n\ncollaborate (see also: git help workflows)\n   fetch     Download objects and refs from another repository\n   pull      Fetch from and integrate with another repository or a local branch\n   push      Update remote refs along with associated objects\n\n'git help -a' and 'git help -g' list available subcommands and some\nconcept guides. See 'git help <command>' or 'git help <concept>'\nto read about a specific subcommand or concept.\nSee 'git help git' for an overview of the system.\n""
[0m18:28:25.817453 [debug] [MainThread]: STDERR: "b''"
[0m18:28:25.817453 [info ] [MainThread]:  - git [[32mOK found[0m]

[0m18:28:25.832909 [info ] [MainThread]: Connection:
[0m18:28:25.832909 [info ] [MainThread]:   host: localhost
[0m18:28:25.833915 [info ] [MainThread]:   port: 5432
[0m18:28:25.833915 [info ] [MainThread]:   user: anveshjarabani
[0m18:28:25.834914 [info ] [MainThread]:   database: postgres
[0m18:28:25.834914 [info ] [MainThread]:   schema: public
[0m18:28:25.835931 [info ] [MainThread]:   connect_timeout: 10
[0m18:28:25.835931 [info ] [MainThread]:   role: None
[0m18:28:25.836963 [info ] [MainThread]:   search_path: None
[0m18:28:25.836963 [info ] [MainThread]:   keepalives_idle: 0
[0m18:28:25.837961 [info ] [MainThread]:   sslmode: None
[0m18:28:25.837961 [info ] [MainThread]:   sslcert: None
[0m18:28:25.838962 [info ] [MainThread]:   sslkey: None
[0m18:28:25.838962 [info ] [MainThread]:   sslrootcert: None
[0m18:28:25.839962 [info ] [MainThread]:   application_name: dbt
[0m18:28:25.839962 [info ] [MainThread]:   retries: 1
[0m18:28:25.840962 [info ] [MainThread]: Registered adapter: postgres=1.6.3
[0m18:28:25.840962 [debug] [MainThread]: Acquiring new postgres connection 'debug'
[0m18:28:25.841962 [debug] [MainThread]: Using postgres connection "debug"
[0m18:28:25.841962 [debug] [MainThread]: On debug: select 1 as id
[0m18:28:25.841962 [debug] [MainThread]: Opening a new connection, currently in state init
[0m18:28:25.902021 [debug] [MainThread]: SQL status: SELECT 1 in 0.0 seconds
[0m18:28:25.902021 [debug] [MainThread]: On debug: Close
[0m18:28:25.902021 [info ] [MainThread]:   Connection test: [[32mOK connection ok[0m]

[0m18:28:25.902021 [info ] [MainThread]: [32mAll checks passed![0m
[0m18:28:25.902021 [debug] [MainThread]: Command `dbt debug` succeeded at 18:28:25.902021 after 0.22 seconds
[0m18:28:25.902021 [debug] [MainThread]: Connection 'debug' was properly closed.
[0m18:28:25.902021 [debug] [MainThread]: Sending event: {'category': 'dbt', 'action': 'invocation', 'label': 'end', 'context': [<snowplow_tracker.self_describing_json.SelfDescribingJson object at 0x000002E58BC89F90>, <snowplow_tracker.self_describing_json.SelfDescribingJson object at 0x000002E58BC88F10>, <snowplow_tracker.self_describing_json.SelfDescribingJson object at 0x000002E58FB98850>]}
[0m18:28:25.902021 [debug] [MainThread]: Flushing usage events
